2023-11-28 08:57:03,815 - root - INFO - test04_edit_kong_information:获取请求入参：{'id': '1719290490612428802', 'key': 'icds@20220824', 'name': '混合', 'orderby': 5, 'status': 1, 'updateBy': 1, 'updateTime': '2023-10-31T17:49:30.491+08:00', 'url': 'http://134.224.183.194/kong-admin-api'}
2023-11-28 08:57:03,855 - root - INFO - test04_edit_kong_information:编辑网关信息成功
2023-11-28 09:06:47,418 - root - INFO - test04_edit_kong_information:获取请求入参：{'id': '1572479661942816770', 'key': 'icds@20220824', 'name': '生产调度网关--模拟发版', 'orderby': 12, 'status': 1, 'url': 'http://192.168.103.77/kong-admin-api', 'regionIds': '1,4,1572476132326948866'}
2023-11-28 09:06:47,442 - root - INFO - test04_edit_kong_information:编辑网关信息成功
2023-11-28 09:07:55,762 - root - INFO - test04_edit_kong_information:获取请求入参：{'id': '1572479661942816770', 'key': 'icds@20220824', 'name': '生产调度网关--模拟发版', 'orderby': 6, 'status': 1, 'url': 'http://192.168.103.77/kong-admin-api', 'regionIds': '1,4,1572476132326948866'}
2023-11-28 09:07:55,787 - root - INFO - test04_edit_kong_information:编辑网关信息成功
2023-11-28 09:08:10,832 - root - INFO - test04_edit_kong_information:还原网关信息成功
2023-11-28 09:09:56,859 - root - INFO - test01_query_kongs:------用例场景：初始化查询业务网关信息------%s
2023-11-28 09:09:56,890 - root - INFO - test01_query_kongs:获取请求结果：{'pageNum': 1, 'pageSize': 1, 'size': 1, 'startRow': 0, 'endRow': 0, 'total': 1, 'pages': 1, 'list': [{'id': '1572479661942816770', 'name': '生产调度网关--模拟发版', 'url': 'http://192.168.103.77/kong-admin-api', 'key': 'icds@20220824', 'flag': 1, 'regionIds': '1,4,1572476132326948866', 'regionNames': 'MBOSS域,MSS,终端末梢系统', 'status': 1, 'orderby': 1, 'createBy': 1, 'createTime': '2022-09-21T14:55:41.318+08:00', 'updateBy': 1, 'updateTime': '2023-11-28T09:05:35.732+08:00', 'hasBeenUsed': True}], 'prePage': 0, 'nextPage': 0, 'isFirstPage': True, 'isLastPage': True, 'hasPreviousPage': False, 'hasNextPage': False, 'navigatePages': 8, 'navigatepageNums': [1], 'navigateFirstPage': 1, 'navigateLastPage': 1, 'lastPage': 1, 'firstPage': 1}
2023-11-28 09:09:56,953 - root - INFO - test02_change_kong_order:获取请求入参：{'id': '1572479661942816770', 'newOrderby': '6'}
2023-11-28 09:09:56,969 - root - INFO - test02_change_kong_order:成功修改业务网关排序值
2023-11-28 09:09:57,001 - root - INFO - test03_reset_kong_order:获取请求入参：{'id': '1572479661942816770', 'newOrderby': '1'}
2023-11-28 09:09:57,016 - root - INFO - test03_reset_kong_order:恢复业务网关排序值成功
2023-11-28 09:09:57,048 - root - INFO - test04_edit_kong_information:获取请求入参：{'id': '1572479661942816770', 'key': 'icds@20220824', 'name': '生产调度网关--模拟发版', 'orderby': 6, 'status': 1, 'url': 'http://192.168.103.77/kong-admin-api', 'regionIds': '1,4,1572476132326948866'}
2023-11-28 09:09:57,064 - root - INFO - test04_edit_kong_information:编辑网关信息成功
2023-11-28 09:09:58,136 - root - INFO - test04_edit_kong_information:还原网关信息成功
2023-11-28 10:18:31,849 - root - INFO - test01_waf_strategy:------用例场景：查询waf策略------
2023-11-28 10:18:31,902 - root - INFO - test01_waf_strategy:获取请求结果：{'data': [{'id': '1', 'checkName': 'url类', 'remark': 'url检查', 'enabled': 0}, {'id': '2', 'checkName': 'args类', 'remark': 'get请求参数检查', 'enabled': 1}, {'id': '3', 'checkName': 'UserAgent类', 'remark': 'User-Agent检查', 'enabled': 0}, {'id': '4', 'checkName': 'cookie类', 'remark': 'cookie检查', 'enabled': 0}, {'id': '5', 'checkName': 'post类', 'remark': 'post请求参数检查', 'enabled': 0}], 'recordsTotal': 5, 'recordsFiltered': 5}
2023-11-28 10:18:31,920 - root - INFO - test02_change_waf_status:------用例场景：修改waf策略状态------
2023-11-28 10:18:31,935 - root - INFO - test02_change_waf_status:修改waf策略状态成功
2023-11-28 10:18:32,966 - root - INFO - test02_change_waf_status:还原waf策略状态成功
2023-11-28 10:18:54,450 - root - INFO - test01_waf_strategy:------用例场景：查询waf策略------
2023-11-28 10:18:54,474 - root - INFO - test01_waf_strategy:获取请求结果：{'data': [{'id': '1', 'checkName': 'url类', 'remark': 'url检查', 'enabled': 0}, {'id': '2', 'checkName': 'args类', 'remark': 'get请求参数检查', 'enabled': 1}, {'id': '3', 'checkName': 'UserAgent类', 'remark': 'User-Agent检查', 'enabled': 0}, {'id': '4', 'checkName': 'cookie类', 'remark': 'cookie检查', 'enabled': 0}, {'id': '5', 'checkName': 'post类', 'remark': 'post请求参数检查', 'enabled': 0}], 'recordsTotal': 5, 'recordsFiltered': 5}
2023-11-28 10:18:54,517 - root - INFO - test02_change_waf_status:------用例场景：修改waf策略状态------
2023-11-28 10:18:54,530 - root - INFO - test02_change_waf_status:修改waf策略状态成功
2023-11-28 10:19:09,589 - root - INFO - test02_change_waf_status:还原waf策略状态成功
2023-11-28 10:22:53,595 - root - INFO - test01_waf_strategy:------用例场景：查询waf策略------
2023-11-28 10:22:53,618 - root - INFO - test01_waf_strategy:获取请求结果：{'data': [{'id': '1', 'checkName': 'url类', 'remark': 'url检查', 'enabled': 0}, {'id': '2', 'checkName': 'args类', 'remark': 'get请求参数检查', 'enabled': 1}, {'id': '3', 'checkName': 'UserAgent类', 'remark': 'User-Agent检查', 'enabled': 0}, {'id': '4', 'checkName': 'cookie类', 'remark': 'cookie检查', 'enabled': 0}, {'id': '5', 'checkName': 'post类', 'remark': 'post请求参数检查', 'enabled': 0}], 'recordsTotal': 5, 'recordsFiltered': 5}
2023-11-28 10:23:14,534 - root - INFO - test01_waf_strategy:------用例场景：查询waf策略------
2023-11-28 10:23:14,712 - root - INFO - test01_waf_strategy:获取请求结果：{'data': [{'id': '1', 'checkName': 'url类', 'remark': 'url检查', 'enabled': 0}, {'id': '2', 'checkName': 'args类', 'remark': 'get请求参数检查', 'enabled': 1}, {'id': '3', 'checkName': 'UserAgent类', 'remark': 'User-Agent检查', 'enabled': 0}, {'id': '4', 'checkName': 'cookie类', 'remark': 'cookie检查', 'enabled': 0}, {'id': '5', 'checkName': 'post类', 'remark': 'post请求参数检查', 'enabled': 0}], 'recordsTotal': 5, 'recordsFiltered': 5}
2023-11-28 10:23:50,460 - root - INFO - test01_waf_strategy:------用例场景：查询waf策略------
2023-11-28 10:23:50,493 - root - INFO - test01_waf_strategy:获取请求结果：{'data': [{'id': '1', 'checkName': 'url类', 'remark': 'url检查', 'enabled': 0}, {'id': '2', 'checkName': 'args类', 'remark': 'get请求参数检查', 'enabled': 1}, {'id': '3', 'checkName': 'UserAgent类', 'remark': 'User-Agent检查', 'enabled': 0}, {'id': '4', 'checkName': 'cookie类', 'remark': 'cookie检查', 'enabled': 0}, {'id': '5', 'checkName': 'post类', 'remark': 'post请求参数检查', 'enabled': 0}], 'recordsTotal': 5, 'recordsFiltered': 5}
2023-11-28 10:27:28,482 - root - INFO - test01_waf_strategy:------用例场景：查询waf策略------
2023-11-28 10:27:28,508 - root - INFO - test01_waf_strategy:数据查询成功
2023-11-28 10:27:28,509 - root - INFO - test01_waf_strategy:获取请求结果：{'data': [{'id': '1', 'checkName': 'url类', 'remark': 'url检查', 'enabled': 0}, {'id': '2', 'checkName': 'args类', 'remark': 'get请求参数检查', 'enabled': 1}, {'id': '3', 'checkName': 'UserAgent类', 'remark': 'User-Agent检查', 'enabled': 0}, {'id': '4', 'checkName': 'cookie类', 'remark': 'cookie检查', 'enabled': 0}, {'id': '5', 'checkName': 'post类', 'remark': 'post请求参数检查', 'enabled': 0}], 'recordsTotal': 5, 'recordsFiltered': 5}
2023-11-28 10:27:28,529 - root - INFO - test02_change_waf_status:------用例场景：修改waf策略状态------
2023-11-28 10:27:28,544 - root - INFO - test02_change_waf_status:修改waf策略状态成功
2023-11-28 10:27:29,569 - root - INFO - test02_change_waf_status:还原waf策略状态成功
2023-11-28 10:45:53,086 - root - INFO - test01_waf_strategy:------用例场景：查询waf策略------
2023-11-28 10:45:53,113 - root - INFO - test01_waf_strategy:数据查询成功
2023-11-28 10:45:53,114 - root - INFO - test01_waf_strategy:获取请求结果：{'data': [{'id': '1', 'checkName': 'url类', 'remark': 'url检查', 'enabled': 0}, {'id': '2', 'checkName': 'args类', 'remark': 'get请求参数检查', 'enabled': 1}, {'id': '3', 'checkName': 'UserAgent类', 'remark': 'User-Agent检查', 'enabled': 0}, {'id': '4', 'checkName': 'cookie类', 'remark': 'cookie检查', 'enabled': 0}, {'id': '5', 'checkName': 'post类', 'remark': 'post请求参数检查', 'enabled': 0}], 'recordsTotal': 5, 'recordsFiltered': 5}
2023-11-28 10:45:53,132 - root - INFO - test02_change_waf_status:------用例场景：修改waf策略状态------
2023-11-28 10:45:53,155 - root - INFO - test02_change_waf_status:修改waf策略状态成功
2023-11-28 10:45:54,171 - root - INFO - test02_change_waf_status:还原waf策略状态成功
2023-11-28 10:45:54,187 - root - INFO - test03_synchronization_waf:------用例场景：同步waf策略------
2023-11-28 10:45:54,297 - root - INFO - test03_synchronization_waf:同步waf策略失败
2023-11-28 10:47:12,109 - root - INFO - test01_waf_strategy:------用例场景：查询waf策略------
2023-11-28 10:47:12,131 - root - INFO - test01_waf_strategy:数据查询成功
2023-11-28 10:47:12,132 - root - INFO - test01_waf_strategy:获取请求结果：{'data': [{'id': '1', 'checkName': 'url类', 'remark': 'url检查', 'enabled': 0}, {'id': '2', 'checkName': 'args类', 'remark': 'get请求参数检查', 'enabled': 1}, {'id': '3', 'checkName': 'UserAgent类', 'remark': 'User-Agent检查', 'enabled': 0}, {'id': '4', 'checkName': 'cookie类', 'remark': 'cookie检查', 'enabled': 0}, {'id': '5', 'checkName': 'post类', 'remark': 'post请求参数检查', 'enabled': 0}], 'recordsTotal': 5, 'recordsFiltered': 5}
2023-11-28 10:47:12,148 - root - INFO - test02_change_waf_status:------用例场景：修改waf策略状态------
2023-11-28 10:47:12,199 - root - INFO - test02_change_waf_status:修改waf策略状态成功
2023-11-28 10:47:13,263 - root - INFO - test02_change_waf_status:还原waf策略状态成功
2023-11-28 10:47:13,277 - root - INFO - test03_synchronization_waf:------用例场景：同步waf策略------
2023-11-28 10:47:13,336 - root - INFO - test03_synchronization_waf:同步waf策略失败
2023-11-28 10:47:41,267 - root - INFO - test01_waf_strategy:------用例场景：查询waf策略------
2023-11-28 10:47:41,293 - root - INFO - test01_waf_strategy:数据查询成功
2023-11-28 10:47:41,294 - root - INFO - test01_waf_strategy:获取请求结果：{'data': [{'id': '1', 'checkName': 'url类', 'remark': 'url检查', 'enabled': 0}, {'id': '2', 'checkName': 'args类', 'remark': 'get请求参数检查', 'enabled': 1}, {'id': '3', 'checkName': 'UserAgent类', 'remark': 'User-Agent检查', 'enabled': 0}, {'id': '4', 'checkName': 'cookie类', 'remark': 'cookie检查', 'enabled': 0}, {'id': '5', 'checkName': 'post类', 'remark': 'post请求参数检查', 'enabled': 0}], 'recordsTotal': 5, 'recordsFiltered': 5}
2023-11-28 10:47:41,312 - root - INFO - test02_change_waf_status:------用例场景：修改waf策略状态------
2023-11-28 10:47:41,326 - root - INFO - test02_change_waf_status:修改waf策略状态成功
2023-11-28 10:47:42,383 - root - INFO - test02_change_waf_status:还原waf策略状态成功
2023-11-28 10:47:42,401 - root - INFO - test03_synchronization_waf:------用例场景：同步waf策略------
2023-11-28 10:47:42,462 - root - INFO - test03_synchronization_waf:同步waf策略失败
2023-11-28 10:48:31,147 - root - INFO - test01_waf_strategy:------用例场景：查询waf策略------
2023-11-28 10:48:31,171 - root - INFO - test01_waf_strategy:数据查询成功
2023-11-28 10:48:31,172 - root - INFO - test01_waf_strategy:获取请求结果：{'data': [{'id': '1', 'checkName': 'url类', 'remark': 'url检查', 'enabled': 0}, {'id': '2', 'checkName': 'args类', 'remark': 'get请求参数检查', 'enabled': 1}, {'id': '3', 'checkName': 'UserAgent类', 'remark': 'User-Agent检查', 'enabled': 0}, {'id': '4', 'checkName': 'cookie类', 'remark': 'cookie检查', 'enabled': 0}, {'id': '5', 'checkName': 'post类', 'remark': 'post请求参数检查', 'enabled': 0}], 'recordsTotal': 5, 'recordsFiltered': 5}
2023-11-28 10:48:31,214 - root - INFO - test02_change_waf_status:------用例场景：修改waf策略状态------
2023-11-28 10:48:31,228 - root - INFO - test02_change_waf_status:修改waf策略状态成功
2023-11-28 10:48:32,258 - root - INFO - test02_change_waf_status:还原waf策略状态成功
2023-11-28 10:48:32,287 - root - INFO - test03_synchronization_waf:------用例场景：同步waf策略------
2023-11-28 10:48:32,357 - root - INFO - test03_synchronization_waf:同步waf策略失败
2023-11-28 11:01:39,959 - root - INFO - test01_waf_strategy:------用例场景：查询waf策略------
2023-11-28 11:01:39,987 - root - INFO - test01_waf_strategy:数据查询成功
2023-11-28 11:01:39,987 - root - INFO - test01_waf_strategy:获取请求结果：{'data': [{'id': '1', 'checkName': 'url类', 'remark': 'url检查', 'enabled': 0}, {'id': '2', 'checkName': 'args类', 'remark': 'get请求参数检查', 'enabled': 1}, {'id': '3', 'checkName': 'UserAgent类', 'remark': 'User-Agent检查', 'enabled': 0}, {'id': '4', 'checkName': 'cookie类', 'remark': 'cookie检查', 'enabled': 0}, {'id': '5', 'checkName': 'post类', 'remark': 'post请求参数检查', 'enabled': 0}], 'recordsTotal': 5, 'recordsFiltered': 5}
2023-11-28 11:01:40,031 - root - INFO - test02_change_waf_status:------用例场景：修改waf策略状态------
2023-11-28 11:01:40,045 - root - INFO - test02_change_waf_status:修改waf策略状态成功
2023-11-28 11:01:41,065 - root - INFO - test02_change_waf_status:还原waf策略状态成功
2023-11-28 11:01:41,086 - root - INFO - test03_synchronization_waf:------用例场景：同步waf策略------
2023-11-28 11:01:41,160 - root - INFO - test03_synchronization_waf:同步waf策略失败
2023-11-28 11:02:28,752 - root - INFO - test01_waf_strategy:------用例场景：查询waf策略------
2023-11-28 11:02:28,777 - root - INFO - test01_waf_strategy:数据查询成功
2023-11-28 11:02:28,778 - root - INFO - test01_waf_strategy:获取请求结果：{'data': [{'id': '1', 'checkName': 'url类', 'remark': 'url检查', 'enabled': 0}, {'id': '2', 'checkName': 'args类', 'remark': 'get请求参数检查', 'enabled': 1}, {'id': '3', 'checkName': 'UserAgent类', 'remark': 'User-Agent检查', 'enabled': 0}, {'id': '4', 'checkName': 'cookie类', 'remark': 'cookie检查', 'enabled': 0}, {'id': '5', 'checkName': 'post类', 'remark': 'post请求参数检查', 'enabled': 0}], 'recordsTotal': 5, 'recordsFiltered': 5}
2023-11-28 11:02:28,820 - root - INFO - test02_change_waf_status:------用例场景：修改waf策略状态------
2023-11-28 11:02:28,833 - root - INFO - test02_change_waf_status:修改waf策略状态成功
2023-11-28 11:02:29,852 - root - INFO - test02_change_waf_status:还原waf策略状态成功
2023-11-28 11:02:29,868 - root - INFO - test03_synchronization_waf:------用例场景：同步waf策略------
2023-11-28 11:02:29,929 - root - INFO - test03_synchronization_waf:同步waf策略失败
2023-11-28 11:02:30,120 - root - INFO - test04_waf_details:------用例场景：查询第一条waf数据详情------
2023-11-28 11:03:05,552 - root - INFO - test01_waf_strategy:------用例场景：查询waf策略------
2023-11-28 11:03:05,582 - root - INFO - test01_waf_strategy:数据查询成功
2023-11-28 11:03:05,583 - root - INFO - test01_waf_strategy:获取请求结果：{'data': [{'id': '1', 'checkName': 'url类', 'remark': 'url检查', 'enabled': 0}, {'id': '2', 'checkName': 'args类', 'remark': 'get请求参数检查', 'enabled': 1}, {'id': '3', 'checkName': 'UserAgent类', 'remark': 'User-Agent检查', 'enabled': 0}, {'id': '4', 'checkName': 'cookie类', 'remark': 'cookie检查', 'enabled': 0}, {'id': '5', 'checkName': 'post类', 'remark': 'post请求参数检查', 'enabled': 0}], 'recordsTotal': 5, 'recordsFiltered': 5}
2023-11-28 11:03:05,627 - root - INFO - test02_change_waf_status:------用例场景：修改waf策略状态------
2023-11-28 11:03:05,640 - root - INFO - test02_change_waf_status:修改waf策略状态成功
2023-11-28 11:03:06,667 - root - INFO - test02_change_waf_status:还原waf策略状态成功
2023-11-28 11:03:06,685 - root - INFO - test03_synchronization_waf:------用例场景：同步waf策略------
2023-11-28 11:03:06,741 - root - INFO - test03_synchronization_waf:同步waf策略失败
2023-11-28 11:03:06,958 - root - INFO - test04_waf_details:------用例场景：查询第一条waf数据详情------
2023-11-28 11:03:58,981 - root - INFO - test01_waf_strategy:------用例场景：查询waf策略------
2023-11-28 11:03:59,009 - root - INFO - test01_waf_strategy:数据查询成功
2023-11-28 11:03:59,010 - root - INFO - test01_waf_strategy:获取请求结果：{'data': [{'id': '1', 'checkName': 'url类', 'remark': 'url检查', 'enabled': 0}, {'id': '2', 'checkName': 'args类', 'remark': 'get请求参数检查', 'enabled': 1}, {'id': '3', 'checkName': 'UserAgent类', 'remark': 'User-Agent检查', 'enabled': 0}, {'id': '4', 'checkName': 'cookie类', 'remark': 'cookie检查', 'enabled': 0}, {'id': '5', 'checkName': 'post类', 'remark': 'post请求参数检查', 'enabled': 0}], 'recordsTotal': 5, 'recordsFiltered': 5}
2023-11-28 11:03:59,055 - root - INFO - test02_change_waf_status:------用例场景：修改waf策略状态------
2023-11-28 11:03:59,072 - root - INFO - test02_change_waf_status:修改waf策略状态成功
2023-11-28 11:04:00,091 - root - INFO - test02_change_waf_status:还原waf策略状态成功
2023-11-28 11:04:00,108 - root - INFO - test03_synchronization_waf:------用例场景：同步waf策略------
2023-11-28 11:04:00,169 - root - INFO - test03_synchronization_waf:同步waf策略失败
2023-11-28 11:04:00,398 - root - INFO - test04_waf_details:------用例场景：查询第一条waf数据详情------
2023-11-28 11:07:40,719 - root - INFO - test01_waf_strategy:------用例场景：查询waf策略------
2023-11-28 11:07:40,744 - root - INFO - test01_waf_strategy:数据查询成功
2023-11-28 11:07:40,745 - root - INFO - test01_waf_strategy:获取请求结果：{'data': [{'id': '1', 'checkName': 'url类', 'remark': 'url检查', 'enabled': 0}, {'id': '2', 'checkName': 'args类', 'remark': 'get请求参数检查', 'enabled': 1}, {'id': '3', 'checkName': 'UserAgent类', 'remark': 'User-Agent检查', 'enabled': 0}, {'id': '4', 'checkName': 'cookie类', 'remark': 'cookie检查', 'enabled': 0}, {'id': '5', 'checkName': 'post类', 'remark': 'post请求参数检查', 'enabled': 0}], 'recordsTotal': 5, 'recordsFiltered': 5}
2023-11-28 11:07:40,787 - root - INFO - test02_change_waf_status:------用例场景：修改waf策略状态------
2023-11-28 11:07:40,800 - root - INFO - test02_change_waf_status:修改waf策略状态成功
2023-11-28 11:07:41,815 - root - INFO - test02_change_waf_status:还原waf策略状态成功
2023-11-28 11:07:41,832 - root - INFO - test03_synchronization_waf:------用例场景：同步waf策略------
2023-11-28 11:07:41,902 - root - INFO - test03_synchronization_waf:同步waf策略失败
2023-11-28 11:07:42,113 - root - INFO - test04_waf_details:------用例场景：查询第一条waf数据详情------
2023-11-28 11:07:42,124 - root - INFO - test04_waf_details:获得的查询结果：{'data': [{'id': '1628278021129584642', 'order': 1, 'checkId': 1, 'checkName': 'url类', 'rule': '\\.(svn|htaccess|bash_history)', 'enabled': 1, 'updateAt': '2023-04-07T16:35:35.304+08:00', 'updateBy': 1, 'lastUpdatePerson': 'admin'}, {'id': '1628278076804775938', 'order': 2, 'checkId': 1, 'checkName': 'url类', 'rule': '\\.(bak|inc|old|mdb|sql|backup|java|class)$', 'enabled': 0, 'updateAt': '2023-02-22T14:18:40.11+08:00', 'updateBy': 1, 'lastUpdatePerson': 'admin'}, {'id': '1628278124473040898', 'order': 3, 'checkId': 1, 'checkName': 'url类', 'rule': '(vhost|bbs|host|wwwroot|www|site|root|hytop|flashfxp).*\\.rar', 'enabled': 1, 'updateAt': '2023-02-22T14:18:51.475+08:00', 'updateBy': 1, 'lastUpdatePerson': 'admin'}, {'id': '1628278166999089153', 'order': 4, 'checkId': 1, 'checkName': 'url类', 'rule': '(phpmyadmin|jmx-console|jmxinvokerservlet)', 'enabled': 1, 'updateAt': '2023-02-22T14:19:01.614+08:00', 'updateBy': 1, 'lastUpdatePerson': 'admin'}, {'id': '1628278289812504577', 'order': 5, 'checkId': 1, 'checkName': 'url类', 'rule': '/(attachments|upimg|images|css|uploadfiles|html|uploads|templets|static|template|data|inc|forumdata|upload|includes|cache|avatar)/(\\w+).(php|jsp)', 'enabled': 1, 'updateAt': '2023-02-22T14:19:30.895+08:00', 'updateBy': 1, 'lastUpdatePerson': 'admin'}, {'id': '1628294141215531009', 'order': 6, 'checkId': 1, 'checkName': 'url类', 'rule': 'java\\.lang', 'enabled': 1, 'updateAt': '2023-02-22T15:22:30.163+08:00', 'updateBy': 1, 'lastUpdatePerson': 'admin'}], 'recordsTotal': 6, 'recordsFiltered': 6}
2023-11-28 11:07:42,124 - root - INFO - test04_waf_details:查询第一条waf数据详情成功
2023-11-28 15:14:26,269 - root - INFO - test05_change_waf_detail_status:------用例场景：修改第一条waf数据详情里面的第一条策略规则数据状态------
2023-11-28 15:14:26,283 - root - INFO - test05_change_waf_detail_status:修改第一条waf数据详情里面的第一条策略规则数据状态成功
2023-11-28 15:14:41,298 - root - INFO - test05_change_waf_detail_status:还原第一条waf数据详情里面的第一条策略规则数据状态成功
2023-11-28 15:42:50,944 - root - INFO - test01_waf_strategy:------用例场景：查询waf策略------
2023-11-28 15:42:50,967 - root - INFO - test01_waf_strategy:数据查询成功
2023-11-28 15:42:50,968 - root - INFO - test01_waf_strategy:获取请求结果：{'data': [{'id': '1', 'checkName': 'url类', 'remark': 'url检查', 'enabled': 0}, {'id': '2', 'checkName': 'args类', 'remark': 'get请求参数检查', 'enabled': 1}, {'id': '3', 'checkName': 'UserAgent类', 'remark': 'User-Agent检查', 'enabled': 0}, {'id': '4', 'checkName': 'cookie类', 'remark': 'cookie检查', 'enabled': 0}, {'id': '5', 'checkName': 'post类', 'remark': 'post请求参数检查', 'enabled': 0}], 'recordsTotal': 5, 'recordsFiltered': 5}
2023-11-28 15:42:50,981 - root - INFO - test02_change_waf_status:------用例场景：修改waf策略状态------
2023-11-28 15:42:50,993 - root - INFO - test02_change_waf_status:修改waf策略状态成功
2023-11-28 15:42:52,021 - root - INFO - test02_change_waf_status:还原waf策略状态成功
2023-11-28 15:42:52,035 - root - INFO - test03_synchronization_waf:------用例场景：同步waf策略------
2023-11-28 15:42:52,102 - root - INFO - test03_synchronization_waf:同步waf策略失败
2023-11-28 15:42:52,215 - root - INFO - test04_waf_details:------用例场景：查询第一条waf数据详情------
2023-11-28 15:42:52,228 - root - INFO - test04_waf_details:获得的查询结果：{'data': [{'id': '1628278021129584642', 'order': 1, 'checkId': 1, 'checkName': 'url类', 'rule': '\\.(svn|htaccess|bash_history)', 'enabled': 0, 'updateAt': '2023-04-07T16:35:35.304+08:00', 'updateBy': 1, 'lastUpdatePerson': 'admin'}, {'id': '1628278076804775938', 'order': 2, 'checkId': 1, 'checkName': 'url类', 'rule': '\\.(bak|inc|old|mdb|sql|backup|java|class)$', 'enabled': 0, 'updateAt': '2023-02-22T14:18:40.11+08:00', 'updateBy': 1, 'lastUpdatePerson': 'admin'}, {'id': '1628278124473040898', 'order': 3, 'checkId': 1, 'checkName': 'url类', 'rule': '(vhost|bbs|host|wwwroot|www|site|root|hytop|flashfxp).*\\.rar', 'enabled': 1, 'updateAt': '2023-02-22T14:18:51.475+08:00', 'updateBy': 1, 'lastUpdatePerson': 'admin'}, {'id': '1628278166999089153', 'order': 4, 'checkId': 1, 'checkName': 'url类', 'rule': '(phpmyadmin|jmx-console|jmxinvokerservlet)', 'enabled': 1, 'updateAt': '2023-02-22T14:19:01.614+08:00', 'updateBy': 1, 'lastUpdatePerson': 'admin'}, {'id': '1628278289812504577', 'order': 5, 'checkId': 1, 'checkName': 'url类', 'rule': '/(attachments|upimg|images|css|uploadfiles|html|uploads|templets|static|template|data|inc|forumdata|upload|includes|cache|avatar)/(\\w+).(php|jsp)', 'enabled': 1, 'updateAt': '2023-02-22T14:19:30.895+08:00', 'updateBy': 1, 'lastUpdatePerson': 'admin'}, {'id': '1628294141215531009', 'order': 6, 'checkId': 1, 'checkName': 'url类', 'rule': 'java\\.lang', 'enabled': 1, 'updateAt': '2023-02-22T15:22:30.163+08:00', 'updateBy': 1, 'lastUpdatePerson': 'admin'}], 'recordsTotal': 6, 'recordsFiltered': 6}
2023-11-28 15:42:52,228 - root - INFO - test04_waf_details:查询第一条waf数据详情成功
2023-11-28 15:42:52,251 - root - INFO - test05_change_waf_detail_status:------用例场景：修改第一条waf数据详情里面的第一条策略规则数据状态------
2023-11-28 15:42:52,263 - root - INFO - test05_change_waf_detail_status:修改第一条waf数据详情里面的第一条策略规则数据状态成功
2023-11-28 15:42:53,283 - root - INFO - test05_change_waf_detail_status:还原第一条waf数据详情里面的第一条策略规则数据状态成功
2023-11-28 16:09:51,164 - root - INFO - test06_edit_waf_detail:------用例场景：查询第一条waf数据详情里面的第一条策略规则的详细数据------
2023-11-28 16:09:51,176 - root - INFO - test06_edit_waf_detail:查询第一条waf数据详情里面的第一条策略规则的详细数据失败
2023-11-28 16:12:10,145 - root - INFO - test06_edit_waf_detail:------用例场景：查询第一条waf数据详情里面的第一条策略规则的详细数据------
2023-11-28 16:12:10,156 - root - INFO - test06_edit_waf_detail:查询第一条waf数据详情里面的第一条策略规则的详细数据失败
2023-11-28 16:18:12,918 - root - INFO - test06_edit_waf_detail:------用例场景：查询第一条waf数据详情里面的第一条策略规则的详细数据------
2023-11-28 16:18:12,931 - root - INFO - test06_edit_waf_detail:查询第一条waf数据详情里面的第一条策略规则的详细数据失败
2023-11-28 16:18:42,582 - root - INFO - test06_edit_waf_detail:------用例场景：查询第一条waf数据详情里面的第一条策略规则的详细数据------
2023-11-28 16:18:42,593 - root - INFO - test06_edit_waf_detail:查询第一条waf数据详情里面的第一条策略规则的详细数据失败
2023-11-28 16:19:21,506 - root - INFO - test06_edit_waf_detail:------用例场景：查询第一条waf数据详情里面的第一条策略规则的详细数据------
2023-11-28 16:19:21,517 - root - INFO - test06_edit_waf_detail:查询第一条waf数据详情里面的第一条策略规则的详细数据失败
2023-11-28 16:20:05,699 - root - INFO - test06_edit_waf_detail:------用例场景：查询第一条waf数据详情里面的第一条策略规则的详细数据------
2023-11-28 16:20:05,711 - root - INFO - test06_edit_waf_detail:查询第一条waf数据详情里面的第一条策略规则的详细数据成功
2023-11-28 16:20:05,711 - root - INFO - test06_edit_waf_detail:获得的查询结果：{'id': '1628278021129584642', 'checkId': 1, 'rule': '\\.(svn|htaccess|bash_history)', 'enabled': 0, 'remark': '', 'status': 1, 'createBy': 1, 'createAt': '2023-02-22T14:18:26.524+08:00', 'updateBy': 1, 'updateAt': '2023-04-07T16:35:35.304+08:00'}
2023-11-28 16:20:05,724 - root - INFO - test06_edit_waf_detail:修改第一条waf数据详情里面的第一条策略规则的详细数据-备注失败
2023-11-28 16:21:56,754 - root - INFO - test06_edit_waf_detail:------用例场景：查询第一条waf数据详情里面的第一条策略规则的详细数据------
2023-11-28 16:21:56,766 - root - INFO - test06_edit_waf_detail:查询第一条waf数据详情里面的第一条策略规则的详细数据成功
2023-11-28 16:21:56,767 - root - INFO - test06_edit_waf_detail:获得的查询结果：{'id': '1628278021129584642', 'checkId': 1, 'rule': '\\.(svn|htaccess|bash_history)', 'enabled': 0, 'remark': '', 'status': 1, 'createBy': 1, 'createAt': '2023-02-22T14:18:26.524+08:00', 'updateBy': 1, 'updateAt': '2023-04-07T16:35:35.304+08:00'}
2023-11-28 16:21:56,767 - root - INFO - test06_edit_waf_detail:开始编辑-备注字段，并提交
2023-11-28 16:21:56,767 - root - INFO - test06_edit_waf_detail:提交参数为：{'id': '1628278021129584642', 'checkId': '1', 'rule': '\\.(svn|htaccess|bash_history)', 'remark': 'test', 'enabled': '0'}
2023-11-28 16:21:56,775 - root - INFO - test06_edit_waf_detail:修改第一条waf数据详情里面的第一条策略规则的详细数据-备注失败
2023-11-28 16:24:49,764 - root - INFO - test01_waf_strategy:------用例场景：查询waf策略------
2023-11-28 16:24:49,785 - root - INFO - test01_waf_strategy:数据查询成功
2023-11-28 16:24:49,785 - root - INFO - test01_waf_strategy:获取请求结果：{'data': [{'id': '1', 'checkName': 'url类', 'remark': 'url检查', 'enabled': 0}, {'id': '2', 'checkName': 'args类', 'remark': 'get请求参数检查', 'enabled': 1}, {'id': '3', 'checkName': 'UserAgent类', 'remark': 'User-Agent检查', 'enabled': 0}, {'id': '4', 'checkName': 'cookie类', 'remark': 'cookie检查', 'enabled': 0}, {'id': '5', 'checkName': 'post类', 'remark': 'post请求参数检查', 'enabled': 0}], 'recordsTotal': 5, 'recordsFiltered': 5}
2023-11-28 16:24:49,798 - root - INFO - test02_change_waf_status:------用例场景：修改waf策略状态------
2023-11-28 16:24:49,891 - root - INFO - test02_change_waf_status:修改waf策略状态成功
2023-11-28 16:24:50,418 - root - INFO - test02_change_waf_status:还原waf策略状态成功
2023-11-28 16:24:50,431 - root - INFO - test03_synchronization_waf:------用例场景：同步waf策略------
2023-11-28 16:24:50,503 - root - INFO - test03_synchronization_waf:同步waf策略失败
2023-11-28 16:24:50,611 - root - INFO - test04_waf_details:------用例场景：查询第一条waf数据详情------
2023-11-28 16:24:50,623 - root - INFO - test04_waf_details:获得的查询结果：{'data': [{'id': '1628278021129584642', 'order': 1, 'checkId': 1, 'checkName': 'url类', 'rule': '\\.(svn|htaccess|bash_history)', 'enabled': 0, 'updateAt': '2023-04-07T16:35:35.304+08:00', 'updateBy': 1, 'lastUpdatePerson': 'admin'}, {'id': '1628278076804775938', 'order': 2, 'checkId': 1, 'checkName': 'url类', 'rule': '\\.(bak|inc|old|mdb|sql|backup|java|class)$', 'enabled': 0, 'updateAt': '2023-02-22T14:18:40.11+08:00', 'updateBy': 1, 'lastUpdatePerson': 'admin'}, {'id': '1628278124473040898', 'order': 3, 'checkId': 1, 'checkName': 'url类', 'rule': '(vhost|bbs|host|wwwroot|www|site|root|hytop|flashfxp).*\\.rar', 'enabled': 1, 'updateAt': '2023-02-22T14:18:51.475+08:00', 'updateBy': 1, 'lastUpdatePerson': 'admin'}, {'id': '1628278166999089153', 'order': 4, 'checkId': 1, 'checkName': 'url类', 'rule': '(phpmyadmin|jmx-console|jmxinvokerservlet)', 'enabled': 1, 'updateAt': '2023-02-22T14:19:01.614+08:00', 'updateBy': 1, 'lastUpdatePerson': 'admin'}, {'id': '1628278289812504577', 'order': 5, 'checkId': 1, 'checkName': 'url类', 'rule': '/(attachments|upimg|images|css|uploadfiles|html|uploads|templets|static|template|data|inc|forumdata|upload|includes|cache|avatar)/(\\w+).(php|jsp)', 'enabled': 1, 'updateAt': '2023-02-22T14:19:30.895+08:00', 'updateBy': 1, 'lastUpdatePerson': 'admin'}, {'id': '1628294141215531009', 'order': 6, 'checkId': 1, 'checkName': 'url类', 'rule': 'java\\.lang', 'enabled': 1, 'updateAt': '2023-02-22T15:22:30.163+08:00', 'updateBy': 1, 'lastUpdatePerson': 'admin'}], 'recordsTotal': 6, 'recordsFiltered': 6}
2023-11-28 16:24:50,623 - root - INFO - test04_waf_details:查询第一条waf数据详情成功
2023-11-28 16:24:50,647 - root - INFO - test05_change_waf_detail_status:------用例场景：修改第一条waf数据详情里面的第一条策略规则数据状态------
2023-11-28 16:24:50,737 - root - INFO - test05_change_waf_detail_status:修改第一条waf数据详情里面的第一条策略规则数据状态成功
2023-11-28 16:24:51,256 - root - INFO - test05_change_waf_detail_status:还原第一条waf数据详情里面的第一条策略规则数据状态成功
2023-11-28 16:24:51,284 - root - INFO - test06_edit_waf_detail:------用例场景：查询第一条waf数据详情里面的第一条策略规则的详细数据------
2023-11-28 16:24:51,296 - root - INFO - test06_edit_waf_detail:查询第一条waf数据详情里面的第一条策略规则的详细数据成功
2023-11-28 16:24:51,297 - root - INFO - test06_edit_waf_detail:获得的查询结果：{'id': '1628278021129584642', 'checkId': 1, 'rule': '\\.(svn|htaccess|bash_history)', 'enabled': 0, 'remark': '', 'status': 1, 'createBy': 1, 'createAt': '2023-02-22T14:18:26.524+08:00', 'updateBy': 1, 'updateAt': '2023-04-07T16:35:35.304+08:00'}
2023-11-28 16:24:51,297 - root - INFO - test06_edit_waf_detail:开始编辑-备注字段，并提交
2023-11-28 16:24:51,297 - root - INFO - test06_edit_waf_detail:提交参数为：{'id': '1628278021129584642', 'checkId': '1', 'rule': '\\.(svn|htaccess|bash_history)', 'remark': 'test', 'enabled': '0'}
2023-11-28 16:24:51,305 - root - INFO - test06_edit_waf_detail:修改第一条waf数据详情里面的第一条策略规则的详细数据-备注失败
2023-11-28 16:26:14,308 - root - INFO - test01_query_kongs:------用例场景：初始化查询业务网关信息------
2023-11-28 16:26:14,335 - root - INFO - test01_query_kongs:获取请求结果：{'pageNum': 1, 'pageSize': 0, 'size': 0, 'startRow': 0, 'endRow': 0, 'total': 0, 'pages': 0, 'list': [], 'prePage': 0, 'nextPage': 0, 'isFirstPage': True, 'isLastPage': True, 'hasPreviousPage': False, 'hasNextPage': False, 'navigatePages': 8, 'navigatepageNums': [], 'navigateFirstPage': 0, 'navigateLastPage': 0, 'firstPage': 0, 'lastPage': 0}
2023-11-28 16:26:14,351 - root - INFO - test02_change_kong_order:不存在网关信息,本次不修改
2023-11-28 16:26:14,366 - root - INFO - test03_reset_kong_order:不存在网关信息，本次不还原
2023-11-28 16:26:14,381 - root - INFO - test04_edit_kong_information:不存在网关信息，不修改不还原
2023-11-28 16:26:14,384 - root - INFO - test01_waf_strategy:------用例场景：查询waf策略------
2023-11-28 16:26:14,394 - root - INFO - test01_waf_strategy:数据查询成功
2023-11-28 16:26:14,394 - root - INFO - test01_waf_strategy:获取请求结果：{'data': [{'id': '1', 'checkName': 'url类', 'remark': 'url检查', 'enabled': 0}, {'id': '2', 'checkName': 'args类', 'remark': 'get请求参数检查', 'enabled': 1}, {'id': '3', 'checkName': 'UserAgent类', 'remark': 'User-Agent检查', 'enabled': 0}, {'id': '4', 'checkName': 'cookie类', 'remark': 'cookie检查', 'enabled': 0}, {'id': '5', 'checkName': 'post类', 'remark': 'post请求参数检查', 'enabled': 0}], 'recordsTotal': 5, 'recordsFiltered': 5}
2023-11-28 16:26:14,406 - root - INFO - test02_change_waf_status:------用例场景：修改waf策略状态------
2023-11-28 16:26:14,419 - root - INFO - test02_change_waf_status:修改waf策略状态成功
2023-11-28 16:26:14,980 - root - INFO - test02_change_waf_status:还原waf策略状态成功
2023-11-28 16:26:14,994 - root - INFO - test03_synchronization_waf:------用例场景：同步waf策略------
2023-11-28 16:26:15,069 - root - INFO - test03_synchronization_waf:同步waf策略失败
2023-11-28 16:26:15,186 - root - INFO - test04_waf_details:------用例场景：查询第一条waf数据详情------
2023-11-28 16:26:15,197 - root - INFO - test04_waf_details:获得的查询结果：{'data': [{'id': '1628278021129584642', 'order': 1, 'checkId': 1, 'checkName': 'url类', 'rule': '\\.(svn|htaccess|bash_history)', 'enabled': 0, 'updateAt': '2023-04-07T16:35:35.304+08:00', 'updateBy': 1, 'lastUpdatePerson': 'admin'}, {'id': '1628278076804775938', 'order': 2, 'checkId': 1, 'checkName': 'url类', 'rule': '\\.(bak|inc|old|mdb|sql|backup|java|class)$', 'enabled': 0, 'updateAt': '2023-02-22T14:18:40.11+08:00', 'updateBy': 1, 'lastUpdatePerson': 'admin'}, {'id': '1628278124473040898', 'order': 3, 'checkId': 1, 'checkName': 'url类', 'rule': '(vhost|bbs|host|wwwroot|www|site|root|hytop|flashfxp).*\\.rar', 'enabled': 1, 'updateAt': '2023-02-22T14:18:51.475+08:00', 'updateBy': 1, 'lastUpdatePerson': 'admin'}, {'id': '1628278166999089153', 'order': 4, 'checkId': 1, 'checkName': 'url类', 'rule': '(phpmyadmin|jmx-console|jmxinvokerservlet)', 'enabled': 1, 'updateAt': '2023-02-22T14:19:01.614+08:00', 'updateBy': 1, 'lastUpdatePerson': 'admin'}, {'id': '1628278289812504577', 'order': 5, 'checkId': 1, 'checkName': 'url类', 'rule': '/(attachments|upimg|images|css|uploadfiles|html|uploads|templets|static|template|data|inc|forumdata|upload|includes|cache|avatar)/(\\w+).(php|jsp)', 'enabled': 1, 'updateAt': '2023-02-22T14:19:30.895+08:00', 'updateBy': 1, 'lastUpdatePerson': 'admin'}, {'id': '1628294141215531009', 'order': 6, 'checkId': 1, 'checkName': 'url类', 'rule': 'java\\.lang', 'enabled': 1, 'updateAt': '2023-02-22T15:22:30.163+08:00', 'updateBy': 1, 'lastUpdatePerson': 'admin'}], 'recordsTotal': 6, 'recordsFiltered': 6}
2023-11-28 16:26:15,198 - root - INFO - test04_waf_details:查询第一条waf数据详情成功
2023-11-28 16:26:15,222 - root - INFO - test05_change_waf_detail_status:------用例场景：修改第一条waf数据详情里面的第一条策略规则数据状态------
2023-11-28 16:26:15,234 - root - INFO - test05_change_waf_detail_status:修改第一条waf数据详情里面的第一条策略规则数据状态成功
2023-11-28 16:26:15,763 - root - INFO - test05_change_waf_detail_status:还原第一条waf数据详情里面的第一条策略规则数据状态成功
2023-11-28 16:26:15,786 - root - INFO - test06_edit_waf_detail:------用例场景：查询第一条waf数据详情里面的第一条策略规则的详细数据------
2023-11-28 16:26:15,797 - root - INFO - test06_edit_waf_detail:查询第一条waf数据详情里面的第一条策略规则的详细数据成功
2023-11-28 16:26:15,798 - root - INFO - test06_edit_waf_detail:获得的查询结果：{'id': '1628278021129584642', 'checkId': 1, 'rule': '\\.(svn|htaccess|bash_history)', 'enabled': 0, 'remark': '', 'status': 1, 'createBy': 1, 'createAt': '2023-02-22T14:18:26.524+08:00', 'updateBy': 1, 'updateAt': '2023-04-07T16:35:35.304+08:00'}
2023-11-28 16:26:15,798 - root - INFO - test06_edit_waf_detail:开始编辑-备注字段，并提交
2023-11-28 16:26:15,798 - root - INFO - test06_edit_waf_detail:提交参数为：{'id': '1628278021129584642', 'checkId': '1', 'rule': '\\.(svn|htaccess|bash_history)', 'remark': 'test', 'enabled': '0'}
2023-11-28 16:26:15,805 - root - INFO - test06_edit_waf_detail:修改第一条waf数据详情里面的第一条策略规则的详细数据-备注失败
2023-11-28 16:38:12,424 - root - INFO - test01_query_kongs:------用例场景：初始化查询业务网关信息------
2023-11-28 16:38:12,449 - root - INFO - test01_query_kongs:获取请求结果：{'pageNum': 1, 'pageSize': 0, 'size': 0, 'startRow': 0, 'endRow': 0, 'total': 0, 'pages': 0, 'list': [], 'prePage': 0, 'nextPage': 0, 'isFirstPage': True, 'isLastPage': True, 'hasPreviousPage': False, 'hasNextPage': False, 'navigatePages': 8, 'navigatepageNums': [], 'navigateFirstPage': 0, 'navigateLastPage': 0, 'firstPage': 0, 'lastPage': 0}
2023-11-28 16:38:12,464 - root - INFO - test02_change_kong_order:不存在网关信息,本次不修改
2023-11-28 16:38:12,478 - root - INFO - test03_reset_kong_order:不存在网关信息，本次不还原
2023-11-28 16:38:12,492 - root - INFO - test04_edit_kong_information:不存在网关信息，不修改不还原
2023-11-28 16:38:12,495 - root - INFO - test01_waf_strategy:------用例场景：查询waf策略------
2023-11-28 16:38:12,504 - root - INFO - test01_waf_strategy:数据查询成功
2023-11-28 16:38:12,504 - root - INFO - test01_waf_strategy:获取请求结果：{'data': [{'id': '1', 'checkName': 'url类', 'remark': 'url检查', 'enabled': 0}, {'id': '2', 'checkName': 'args类', 'remark': 'get请求参数检查', 'enabled': 1}, {'id': '3', 'checkName': 'UserAgent类', 'remark': 'User-Agent检查', 'enabled': 0}, {'id': '4', 'checkName': 'cookie类', 'remark': 'cookie检查', 'enabled': 0}, {'id': '5', 'checkName': 'post类', 'remark': 'post请求参数检查', 'enabled': 0}], 'recordsTotal': 5, 'recordsFiltered': 5}
2023-11-28 16:38:12,516 - root - INFO - test02_change_waf_status:------用例场景：修改waf策略状态------
2023-11-28 16:38:12,529 - root - INFO - test02_change_waf_status:修改waf策略状态成功
2023-11-28 16:38:13,051 - root - INFO - test02_change_waf_status:还原waf策略状态成功
2023-11-28 16:38:13,064 - root - INFO - test03_synchronization_waf:------用例场景：同步waf策略------
2023-11-28 16:38:13,132 - root - INFO - test03_synchronization_waf:同步waf策略失败
2023-11-28 16:38:13,226 - root - INFO - test04_waf_details:------用例场景：查询第一条waf数据详情------
2023-11-28 16:38:13,237 - root - INFO - test04_waf_details:获得的查询结果：{'data': [{'id': '1628278021129584642', 'order': 1, 'checkId': 1, 'checkName': 'url类', 'rule': '\\.(svn|htaccess|bash_history)', 'enabled': 0, 'updateAt': '2023-04-07T16:35:35.304+08:00', 'updateBy': 1, 'lastUpdatePerson': 'admin'}, {'id': '1628278076804775938', 'order': 2, 'checkId': 1, 'checkName': 'url类', 'rule': '\\.(bak|inc|old|mdb|sql|backup|java|class)$', 'enabled': 0, 'updateAt': '2023-02-22T14:18:40.11+08:00', 'updateBy': 1, 'lastUpdatePerson': 'admin'}, {'id': '1628278124473040898', 'order': 3, 'checkId': 1, 'checkName': 'url类', 'rule': '(vhost|bbs|host|wwwroot|www|site|root|hytop|flashfxp).*\\.rar', 'enabled': 1, 'updateAt': '2023-02-22T14:18:51.475+08:00', 'updateBy': 1, 'lastUpdatePerson': 'admin'}, {'id': '1628278166999089153', 'order': 4, 'checkId': 1, 'checkName': 'url类', 'rule': '(phpmyadmin|jmx-console|jmxinvokerservlet)', 'enabled': 1, 'updateAt': '2023-02-22T14:19:01.614+08:00', 'updateBy': 1, 'lastUpdatePerson': 'admin'}, {'id': '1628278289812504577', 'order': 5, 'checkId': 1, 'checkName': 'url类', 'rule': '/(attachments|upimg|images|css|uploadfiles|html|uploads|templets|static|template|data|inc|forumdata|upload|includes|cache|avatar)/(\\w+).(php|jsp)', 'enabled': 1, 'updateAt': '2023-02-22T14:19:30.895+08:00', 'updateBy': 1, 'lastUpdatePerson': 'admin'}, {'id': '1628294141215531009', 'order': 6, 'checkId': 1, 'checkName': 'url类', 'rule': 'java\\.lang', 'enabled': 1, 'updateAt': '2023-02-22T15:22:30.163+08:00', 'updateBy': 1, 'lastUpdatePerson': 'admin'}], 'recordsTotal': 6, 'recordsFiltered': 6}
2023-11-28 16:38:13,237 - root - INFO - test04_waf_details:查询第一条waf数据详情成功
2023-11-28 16:38:13,264 - root - INFO - test05_change_waf_detail_status:------用例场景：修改第一条waf数据详情里面的第一条策略规则数据状态------
2023-11-28 16:38:13,276 - root - INFO - test05_change_waf_detail_status:修改第一条waf数据详情里面的第一条策略规则数据状态成功
2023-11-28 16:38:13,799 - root - INFO - test05_change_waf_detail_status:还原第一条waf数据详情里面的第一条策略规则数据状态成功
2023-11-28 16:38:13,821 - root - INFO - test06_edit_waf_detail:------用例场景：查询第一条waf数据详情里面的第一条策略规则的详细数据------
2023-11-28 16:38:13,832 - root - INFO - test06_edit_waf_detail:查询第一条waf数据详情里面的第一条策略规则的详细数据成功
2023-11-28 16:38:13,832 - root - INFO - test06_edit_waf_detail:获得的查询结果：{'id': '1628278021129584642', 'checkId': 1, 'rule': '\\.(svn|htaccess|bash_history)', 'enabled': 0, 'remark': '', 'status': 1, 'createBy': 1, 'createAt': '2023-02-22T14:18:26.524+08:00', 'updateBy': 1, 'updateAt': '2023-04-07T16:35:35.304+08:00'}
2023-11-28 16:38:13,832 - root - INFO - test06_edit_waf_detail:开始编辑-备注字段，并提交
2023-11-28 16:38:13,833 - root - INFO - test06_edit_waf_detail:提交参数为：{'id': '1628278021129584642', 'checkId': '1', 'rule': '\\.(svn|htaccess|bash_history)', 'remark': 'test', 'enabled': '0'}
2023-11-28 16:38:13,840 - root - INFO - test06_edit_waf_detail:修改第一条waf数据详情里面的第一条策略规则的详细数据-备注失败
2023-11-28 16:39:59,551 - root - INFO - test01_query_kongs:------用例场景：初始化查询业务网关信息------
2023-11-28 16:39:59,582 - root - INFO - test01_query_kongs:获取请求结果：{'pageNum': 1, 'pageSize': 1, 'size': 1, 'startRow': 0, 'endRow': 0, 'total': 1, 'pages': 1, 'list': [{'id': '1572479661942816770', 'name': '生产调度网关--模拟发版', 'url': 'http://192.168.103.77/kong-admin-api', 'key': 'icds@20220824', 'flag': 1, 'regionIds': '1,4,1572476132326948866', 'regionNames': 'MBOSS域,MSS,终端末梢系统', 'status': 1, 'orderby': 1, 'createBy': 1, 'createTime': '2022-09-21T14:55:41.318+08:00', 'updateBy': 1, 'updateTime': '2023-11-28T09:07:22.999+08:00', 'hasBeenUsed': True}], 'prePage': 0, 'nextPage': 0, 'isFirstPage': True, 'isLastPage': True, 'hasPreviousPage': False, 'hasNextPage': False, 'navigatePages': 8, 'navigatepageNums': [1], 'navigateFirstPage': 1, 'navigateLastPage': 1, 'lastPage': 1, 'firstPage': 1}
2023-11-28 16:39:59,602 - root - INFO - test02_change_kong_order:获取请求入参：{'id': '1572479661942816770', 'newOrderby': '6'}
2023-11-28 16:39:59,626 - root - INFO - test02_change_kong_order:成功修改业务网关排序值
2023-11-28 16:39:59,647 - root - INFO - test03_reset_kong_order:获取请求入参：{'id': '1572479661942816770', 'newOrderby': '1'}
2023-11-28 16:39:59,661 - root - INFO - test03_reset_kong_order:恢复业务网关排序值成功
2023-11-28 16:39:59,684 - root - INFO - test04_edit_kong_information:获取请求入参：{'id': '1572479661942816770', 'key': 'icds@20220824', 'name': '生产调度网关--模拟发版', 'orderby': 6, 'status': 1, 'url': 'http://192.168.103.77/kong-admin-api', 'regionIds': '1,4,1572476132326948866'}
2023-11-28 16:39:59,720 - root - INFO - test04_edit_kong_information:编辑网关信息成功
2023-11-28 16:40:00,749 - root - INFO - test04_edit_kong_information:还原网关信息成功
2023-11-28 16:40:42,276 - root - INFO - test01_query_kongs:------用例场景：初始化查询业务网关信息------
2023-11-28 16:40:42,304 - root - INFO - test01_query_kongs:获取请求结果：{'pageNum': 1, 'pageSize': 1, 'size': 1, 'startRow': 0, 'endRow': 0, 'total': 1, 'pages': 1, 'list': [{'id': '1572479661942816770', 'name': '生产调度网关--模拟发版', 'url': 'http://192.168.103.77/kong-admin-api', 'key': 'icds@20220824', 'flag': 1, 'regionIds': '1,4,1572476132326948866', 'regionNames': 'MBOSS域,MSS,终端末梢系统', 'status': 1, 'orderby': 1, 'createBy': 1, 'createTime': '2022-09-21T14:55:41.318+08:00', 'updateBy': 1, 'updateTime': '2023-11-28T16:37:24.011+08:00', 'hasBeenUsed': True}], 'prePage': 0, 'nextPage': 0, 'isFirstPage': True, 'isLastPage': True, 'hasPreviousPage': False, 'hasNextPage': False, 'navigatePages': 8, 'navigatepageNums': [1], 'navigateFirstPage': 1, 'navigateLastPage': 1, 'lastPage': 1, 'firstPage': 1}
2023-11-28 16:40:42,327 - root - INFO - test02_change_kong_order:获取请求入参：{'id': '1572479661942816770', 'newOrderby': '6'}
2023-11-28 16:40:42,342 - root - INFO - test02_change_kong_order:成功修改业务网关排序值
2023-11-28 16:40:42,363 - root - INFO - test03_reset_kong_order:获取请求入参：{'id': '1572479661942816770', 'newOrderby': '1'}
2023-11-28 16:40:42,379 - root - INFO - test03_reset_kong_order:恢复业务网关排序值成功
2023-11-28 16:40:42,402 - root - INFO - test04_edit_kong_information:获取请求入参：{'id': '1572479661942816770', 'key': 'icds@20220824', 'name': '生产调度网关--模拟发版', 'orderby': 6, 'status': 1, 'url': 'http://192.168.103.77/kong-admin-api', 'regionIds': '1,4,1572476132326948866'}
2023-11-28 16:40:42,427 - root - INFO - test04_edit_kong_information:编辑网关信息成功
2023-11-28 16:40:42,963 - root - INFO - test04_edit_kong_information:还原网关信息成功
2023-11-28 16:42:14,973 - root - INFO - test01_query_kongs:------用例场景：初始化查询业务网关信息------
2023-11-28 16:42:14,997 - root - INFO - test01_query_kongs:获取请求结果：{'pageNum': 1, 'pageSize': 0, 'size': 0, 'startRow': 0, 'endRow': 0, 'total': 0, 'pages': 0, 'list': [], 'prePage': 0, 'nextPage': 0, 'isFirstPage': True, 'isLastPage': True, 'hasPreviousPage': False, 'hasNextPage': False, 'navigatePages': 8, 'navigatepageNums': [], 'navigateFirstPage': 0, 'navigateLastPage': 0, 'firstPage': 0, 'lastPage': 0}
2023-11-28 16:42:15,014 - root - INFO - test02_change_kong_order:不存在网关信息,本次不修改
2023-11-28 16:42:15,029 - root - INFO - test03_reset_kong_order:不存在网关信息，本次不还原
2023-11-28 16:42:15,044 - root - INFO - test04_edit_kong_information:不存在网关信息，不修改不还原
2023-11-28 16:42:15,047 - root - INFO - test01_waf_strategy:------用例场景：查询waf策略------
2023-11-28 16:42:15,061 - root - INFO - test01_waf_strategy:数据查询成功
2023-11-28 16:42:15,061 - root - INFO - test01_waf_strategy:获取请求结果：{'data': [{'id': '1', 'checkName': 'url类', 'remark': 'url检查', 'enabled': 0}, {'id': '2', 'checkName': 'args类', 'remark': 'get请求参数检查', 'enabled': 1}, {'id': '3', 'checkName': 'UserAgent类', 'remark': 'User-Agent检查', 'enabled': 0}, {'id': '4', 'checkName': 'cookie类', 'remark': 'cookie检查', 'enabled': 0}, {'id': '5', 'checkName': 'post类', 'remark': 'post请求参数检查', 'enabled': 0}], 'recordsTotal': 5, 'recordsFiltered': 5}
2023-11-28 16:42:15,075 - root - INFO - test02_change_waf_status:------用例场景：修改waf策略状态------
2023-11-28 16:42:15,088 - root - INFO - test02_change_waf_status:修改waf策略状态成功
2023-11-28 16:42:15,616 - root - INFO - test02_change_waf_status:还原waf策略状态成功
2023-11-28 16:42:15,631 - root - INFO - test03_synchronization_waf:------用例场景：同步waf策略------
2023-11-28 16:42:15,697 - root - INFO - test03_synchronization_waf:同步waf策略失败
2023-11-28 16:42:15,801 - root - INFO - test04_waf_details:------用例场景：查询第一条waf数据详情------
2023-11-28 16:42:15,818 - root - INFO - test04_waf_details:获得的查询结果：{'data': [{'id': '1628278021129584642', 'order': 1, 'checkId': 1, 'checkName': 'url类', 'rule': '\\.(svn|htaccess|bash_history)', 'enabled': 0, 'updateAt': '2023-04-07T16:35:35.304+08:00', 'updateBy': 1, 'lastUpdatePerson': 'admin'}, {'id': '1628278076804775938', 'order': 2, 'checkId': 1, 'checkName': 'url类', 'rule': '\\.(bak|inc|old|mdb|sql|backup|java|class)$', 'enabled': 0, 'updateAt': '2023-02-22T14:18:40.11+08:00', 'updateBy': 1, 'lastUpdatePerson': 'admin'}, {'id': '1628278124473040898', 'order': 3, 'checkId': 1, 'checkName': 'url类', 'rule': '(vhost|bbs|host|wwwroot|www|site|root|hytop|flashfxp).*\\.rar', 'enabled': 1, 'updateAt': '2023-02-22T14:18:51.475+08:00', 'updateBy': 1, 'lastUpdatePerson': 'admin'}, {'id': '1628278166999089153', 'order': 4, 'checkId': 1, 'checkName': 'url类', 'rule': '(phpmyadmin|jmx-console|jmxinvokerservlet)', 'enabled': 1, 'updateAt': '2023-02-22T14:19:01.614+08:00', 'updateBy': 1, 'lastUpdatePerson': 'admin'}, {'id': '1628278289812504577', 'order': 5, 'checkId': 1, 'checkName': 'url类', 'rule': '/(attachments|upimg|images|css|uploadfiles|html|uploads|templets|static|template|data|inc|forumdata|upload|includes|cache|avatar)/(\\w+).(php|jsp)', 'enabled': 1, 'updateAt': '2023-02-22T14:19:30.895+08:00', 'updateBy': 1, 'lastUpdatePerson': 'admin'}, {'id': '1628294141215531009', 'order': 6, 'checkId': 1, 'checkName': 'url类', 'rule': 'java\\.lang', 'enabled': 1, 'updateAt': '2023-02-22T15:22:30.163+08:00', 'updateBy': 1, 'lastUpdatePerson': 'admin'}], 'recordsTotal': 6, 'recordsFiltered': 6}
2023-11-28 16:42:15,818 - root - INFO - test04_waf_details:查询第一条waf数据详情成功
2023-11-28 16:42:15,845 - root - INFO - test05_change_waf_detail_status:------用例场景：修改第一条waf数据详情里面的第一条策略规则数据状态------
2023-11-28 16:42:15,858 - root - INFO - test05_change_waf_detail_status:修改第一条waf数据详情里面的第一条策略规则数据状态成功
2023-11-28 16:42:16,376 - root - INFO - test05_change_waf_detail_status:还原第一条waf数据详情里面的第一条策略规则数据状态成功
2023-11-28 16:42:16,400 - root - INFO - test06_edit_waf_detail:------用例场景：查询第一条waf数据详情里面的第一条策略规则的详细数据------
2023-11-28 16:42:16,412 - root - INFO - test06_edit_waf_detail:查询第一条waf数据详情里面的第一条策略规则的详细数据成功
2023-11-28 16:42:16,412 - root - INFO - test06_edit_waf_detail:获得的查询结果：{'id': '1628278021129584642', 'checkId': 1, 'rule': '\\.(svn|htaccess|bash_history)', 'enabled': 0, 'remark': '', 'status': 1, 'createBy': 1, 'createAt': '2023-02-22T14:18:26.524+08:00', 'updateBy': 1, 'updateAt': '2023-04-07T16:35:35.304+08:00'}
2023-11-28 16:42:16,412 - root - INFO - test06_edit_waf_detail:开始编辑-备注字段，并提交
2023-11-28 16:42:16,413 - root - INFO - test06_edit_waf_detail:提交参数为：{'id': '1628278021129584642', 'checkId': '1', 'rule': '\\.(svn|htaccess|bash_history)', 'remark': 'test', 'enabled': '0'}
2023-11-28 16:42:16,420 - root - INFO - test06_edit_waf_detail:修改第一条waf数据详情里面的第一条策略规则的详细数据-备注失败
2023-11-28 16:44:00,778 - root - INFO - test01_query_kongs:------用例场景：初始化查询业务网关信息------
2023-11-28 16:44:00,816 - root - INFO - test01_query_kongs:获取请求结果：{'pageNum': 1, 'pageSize': 0, 'size': 0, 'startRow': 0, 'endRow': 0, 'total': 0, 'pages': 0, 'list': [], 'prePage': 0, 'nextPage': 0, 'isFirstPage': True, 'isLastPage': True, 'hasPreviousPage': False, 'hasNextPage': False, 'navigatePages': 8, 'navigatepageNums': [], 'navigateFirstPage': 0, 'navigateLastPage': 0, 'firstPage': 0, 'lastPage': 0}
2023-11-28 16:44:00,837 - root - INFO - test02_change_kong_order:不存在网关信息,本次不修改排序值
2023-11-28 16:44:00,853 - root - INFO - test03_reset_kong_order:不存在网关信息，本次不还原排序值
2023-11-28 16:44:00,871 - root - INFO - test04_edit_kong_information:不存在网关信息，不修改不还原
2023-11-28 16:44:00,879 - root - INFO - test01_waf_strategy:------用例场景：查询waf策略------
2023-11-28 16:44:00,891 - root - INFO - test01_waf_strategy:数据查询成功
2023-11-28 16:44:00,892 - root - INFO - test01_waf_strategy:获取请求结果：{'data': [{'id': '1', 'checkName': 'url类', 'remark': 'url检查', 'enabled': 0}, {'id': '2', 'checkName': 'args类', 'remark': 'get请求参数检查', 'enabled': 1}, {'id': '3', 'checkName': 'UserAgent类', 'remark': 'User-Agent检查', 'enabled': 0}, {'id': '4', 'checkName': 'cookie类', 'remark': 'cookie检查', 'enabled': 0}, {'id': '5', 'checkName': 'post类', 'remark': 'post请求参数检查', 'enabled': 0}], 'recordsTotal': 5, 'recordsFiltered': 5}
2023-11-28 16:44:00,907 - root - INFO - test02_change_waf_status:------用例场景：修改waf策略状态------
2023-11-28 16:44:00,920 - root - INFO - test02_change_waf_status:修改waf策略状态成功
2023-11-28 16:44:01,445 - root - INFO - test02_change_waf_status:还原waf策略状态成功
2023-11-28 16:44:01,457 - root - INFO - test03_synchronization_waf:------用例场景：同步waf策略------
2023-11-28 16:44:01,530 - root - INFO - test03_synchronization_waf:同步waf策略失败
2023-11-28 16:44:01,621 - root - INFO - test04_waf_details:------用例场景：查询第一条waf数据详情------
2023-11-28 16:44:01,632 - root - INFO - test04_waf_details:获得的查询结果：{'data': [{'id': '1628278021129584642', 'order': 1, 'checkId': 1, 'checkName': 'url类', 'rule': '\\.(svn|htaccess|bash_history)', 'enabled': 0, 'updateAt': '2023-04-07T16:35:35.304+08:00', 'updateBy': 1, 'lastUpdatePerson': 'admin'}, {'id': '1628278076804775938', 'order': 2, 'checkId': 1, 'checkName': 'url类', 'rule': '\\.(bak|inc|old|mdb|sql|backup|java|class)$', 'enabled': 0, 'updateAt': '2023-02-22T14:18:40.11+08:00', 'updateBy': 1, 'lastUpdatePerson': 'admin'}, {'id': '1628278124473040898', 'order': 3, 'checkId': 1, 'checkName': 'url类', 'rule': '(vhost|bbs|host|wwwroot|www|site|root|hytop|flashfxp).*\\.rar', 'enabled': 1, 'updateAt': '2023-02-22T14:18:51.475+08:00', 'updateBy': 1, 'lastUpdatePerson': 'admin'}, {'id': '1628278166999089153', 'order': 4, 'checkId': 1, 'checkName': 'url类', 'rule': '(phpmyadmin|jmx-console|jmxinvokerservlet)', 'enabled': 1, 'updateAt': '2023-02-22T14:19:01.614+08:00', 'updateBy': 1, 'lastUpdatePerson': 'admin'}, {'id': '1628278289812504577', 'order': 5, 'checkId': 1, 'checkName': 'url类', 'rule': '/(attachments|upimg|images|css|uploadfiles|html|uploads|templets|static|template|data|inc|forumdata|upload|includes|cache|avatar)/(\\w+).(php|jsp)', 'enabled': 1, 'updateAt': '2023-02-22T14:19:30.895+08:00', 'updateBy': 1, 'lastUpdatePerson': 'admin'}, {'id': '1628294141215531009', 'order': 6, 'checkId': 1, 'checkName': 'url类', 'rule': 'java\\.lang', 'enabled': 1, 'updateAt': '2023-02-22T15:22:30.163+08:00', 'updateBy': 1, 'lastUpdatePerson': 'admin'}], 'recordsTotal': 6, 'recordsFiltered': 6}
2023-11-28 16:44:01,634 - root - INFO - test04_waf_details:查询第一条waf数据详情成功
2023-11-28 16:44:01,656 - root - INFO - test05_change_waf_detail_status:------用例场景：修改第一条waf数据详情里面的第一条策略规则数据状态------
2023-11-28 16:44:01,668 - root - INFO - test05_change_waf_detail_status:修改第一条waf数据详情里面的第一条策略规则数据状态成功
2023-11-28 16:44:02,184 - root - INFO - test05_change_waf_detail_status:还原第一条waf数据详情里面的第一条策略规则数据状态成功
2023-11-28 16:44:02,213 - root - INFO - test06_edit_waf_detail:------用例场景：查询第一条waf数据详情里面的第一条策略规则的详细数据------
2023-11-28 16:44:02,225 - root - INFO - test06_edit_waf_detail:查询第一条waf数据详情里面的第一条策略规则的详细数据成功
2023-11-28 16:44:02,227 - root - INFO - test06_edit_waf_detail:获得的查询结果：{'id': '1628278021129584642', 'checkId': 1, 'rule': '\\.(svn|htaccess|bash_history)', 'enabled': 0, 'remark': '', 'status': 1, 'createBy': 1, 'createAt': '2023-02-22T14:18:26.524+08:00', 'updateBy': 1, 'updateAt': '2023-04-07T16:35:35.304+08:00'}
2023-11-28 16:44:02,227 - root - INFO - test06_edit_waf_detail:开始编辑-备注字段，并提交
2023-11-28 16:44:02,227 - root - INFO - test06_edit_waf_detail:提交参数为：{'id': '1628278021129584642', 'checkId': '1', 'rule': '\\.(svn|htaccess|bash_history)', 'remark': 'test', 'enabled': '0'}
2023-11-28 16:44:02,234 - root - INFO - test06_edit_waf_detail:修改第一条waf数据详情里面的第一条策略规则的详细数据-备注失败
2023-11-28 17:32:02,636 - root - INFO - test01_waf_strategy:------用例场景：查询waf策略------
2023-11-28 17:33:00,860 - root - INFO - test01_waf_strategy:------用例场景：查询waf策略------
2023-11-28 17:33:00,898 - root - INFO - test01_waf_strategy:数据查询成功
2023-11-28 17:33:00,900 - root - INFO - test01_waf_strategy:获取请求结果：{'data': [{'serviceId': '1725329112395890690', 'nick': 'mboss-k165-oss2', 'serviceFlag': 1, 'upstreamId': '1725329112110678017', 'upstreamFlag': 1, 'routeFlag': 1, 'regionId': '1', 'kongId': '1725432301443055617', 'regionName': 'MBOSS域', 'kongName': 'k213', 'orderby': 1, 'hosts': 'test.oss2.com', 'paths': '/', 'createdAt': '2023-11-17T09:44:50.131+08:00', 'updatedAt': '2023-11-17T16:44:01.652+08:00', 'targetFlag': 1, 'enabledPluginNames': []}, {'serviceId': '1725328336130883585', 'nick': 'mboss-k165-bss2', 'serviceFlag': 1, 'upstreamId': '1725328335996665858', 'upstreamFlag': 1, 'routeFlag': 1, 'regionId': '1', 'kongId': '1725089841130979329', 'regionName': 'MBOSS域', 'kongName': 'k165', 'orderby': 2, 'hosts': 'test.bss2.com', 'paths': '/', 'createdAt': '2023-11-17T09:41:45.056+08:00', 'updatedAt': '2023-11-17T11:09:26.682+08:00', 'targetFlag': 1, 'enabledPluginNames': []}, {'serviceId': '1725328496403628033', 'nick': 'mboss-k165-oss1', 'serviceFlag': 1, 'upstreamId': '1725328496302964738', 'upstreamFlag': 1, 'routeFlag': 1, 'regionId': '1', 'kongId': '1725089841130979329', 'regionName': 'MBOSS域', 'kongName': 'k165', 'orderby': 3, 'hosts': 'test.oss1.com', 'paths': '/', 'createdAt': '2023-11-17T09:42:23.266+08:00', 'updatedAt': '2023-11-17T09:42:23.266+08:00', 'targetFlag': 1, 'enabledPluginNames': []}, {'serviceId': '1725329395683377153', 'nick': 'mboss-k165-mss1', 'serviceFlag': 1, 'upstreamId': '1725329395570130945', 'upstreamFlag': 1, 'routeFlag': 1, 'regionId': '1', 'kongId': '1725089435701166082', 'regionName': 'MBOSS域', 'kongName': 'icds@20220824', 'orderby': 4, 'hosts': 'test.mss1.com', 'paths': '/', 'createdAt': '2023-11-17T09:45:57.677+08:00', 'updatedAt': '2023-11-17T14:52:57.581+08:00', 'targetFlag': 1, 'enabledPluginNames': []}, {'serviceId': '1725329521529274369', 'nick': 'mboss-k165-mss2', 'serviceFlag': 1, 'upstreamId': '1725329521445388290', 'upstreamFlag': 1, 'routeFlag': 1, 'regionId': '1', 'kongId': '1725089435701166082', 'regionName': 'MBOSS域', 'kongName': 'icds@20220824', 'orderby': 5, 'hosts': 'test.mss2.com', 'paths': '/', 'createdAt': '2023-11-17T09:46:27.674+08:00', 'updatedAt': '2023-11-17T14:50:06.058+08:00', 'targetFlag': 1, 'enabledPluginNames': []}, {'serviceId': '1725330070312009730', 'nick': 'MSS-k165-mss2', 'serviceFlag': 1, 'upstreamId': '1725330070165209089', 'upstreamFlag': 1, 'routeFlag': 1, 'regionId': '1725325821255565314', 'kongId': '1725089841130979329', 'regionName': 'MSS系统测试域2', 'kongName': 'k165', 'orderby': 7, 'hosts': 'test.mss2.com', 'paths': '/test/', 'createdAt': '2023-11-17T09:48:38.515+08:00', 'updatedAt': '2023-11-17T09:48:38.515+08:00', 'targetFlag': 1, 'enabledPluginNames': []}, {'serviceId': '1725330471056785409', 'nick': 'MSS-k165-mss1', 'serviceFlag': 1, 'upstreamId': '1725330470909984770', 'upstreamFlag': 1, 'routeFlag': 1, 'regionId': '1725325780528873473', 'kongId': '1725089841130979329', 'regionName': 'MSS系统测试域1', 'kongName': 'k165', 'orderby': 8, 'hosts': 'test.mss1.com', 'paths': '/test1', 'createdAt': '2023-11-17T09:50:14.061+08:00', 'updatedAt': '2023-11-17T09:50:14.061+08:00', 'targetFlag': 1, 'enabledPluginNames': []}, {'serviceId': '1725330728255700993', 'nick': 'OSS-k165-oss2', 'serviceFlag': 1, 'upstreamId': '1725330728142454786', 'upstreamFlag': 1, 'routeFlag': 1, 'regionId': '1725325721397575682', 'kongId': '1725089841130979329', 'regionName': 'OSS系统测试域2', 'kongName': 'k165', 'orderby': 9, 'hosts': 'test.oss2.com', 'paths': '/test/1', 'createdAt': '2023-11-17T09:51:15.382+08:00', 'updatedAt': '2023-11-17T14:50:03.165+08:00', 'targetFlag': 1, 'enabledPluginNames': []}, {'serviceId': '1725330845989814273', 'nick': 'OSS-k165-oss1', 'serviceFlag': 1, 'upstreamId': '1725330845914316802', 'upstreamFlag': 1, 'routeFlag': 1, 'regionId': '1725318539771854849', 'kongId': '1725089841130979329', 'regionName': 'OSS系统测试域1', 'kongName': 'k165', 'orderby': 10, 'hosts': 'test.oss1.com', 'paths': '/test/hhh', 'createdAt': '2023-11-17T09:51:43.449+08:00', 'updatedAt': '2023-11-17T09:51:43.449+08:00', 'targetFlag': 1, 'enabledPluginNames': []}, {'serviceId': '1725331017113223169', 'nick': 'BSS-k165-bss1', 'serviceFlag': 1, 'upstreamId': '1725331017025142785', 'upstreamFlag': 1, 'routeFlag': 1, 'regionId': '1725317739142135810', 'kongId': '1725089841130979329', 'regionName': 'BSS测试系统域1', 'kongName': 'k165', 'orderby': 11, 'hosts': 'test.bss1.com', 'paths': '/test/path', 'createdAt': '2023-11-17T09:52:24.249+08:00', 'updatedAt': '2023-11-17T09:52:24.249+08:00', 'targetFlag': 1, 'enabledPluginNames': []}], 'recordsTotal': 24, 'recordsFiltered': 24}
